Arguments: 
  C:\Program Files\nodejs\node.exe C:\Users\TBoys\AppData\Roaming\npm\node_modules\yarn\bin\yarn.js add eslint @typescript-eslint/parser @typescript-eslint/eslint-plugin -D

PATH: 
  C:\WINDOWS\system32;C:\WINDOWS;C:\WINDOWS\System32\Wbem;C:\WINDOWS\System32\WindowsPowerShell\v1.0\;C:\WINDOWS\System32\OpenSSH\;D:\software\Git\cmd;D:\software\xftp\;D:\software\nvm;C:\Program Files\nodejs;C:\ProgramData\chocolatey\bin;C:\Program Files\nodejs\;D:\software\xshell\;D:\gopath\bin;D:\software\mysql\bin;C:\Program Files\Docker\Docker\resources\bin;C:\ProgramData\DockerDesktop\version-bin;D:\software\redis\;D:\software\微信web开发者工具\dll;D:\software\python\Scripts\;D:\software\python\;C:\Users\TBoys\AppData\Local\Microsoft\WindowsApps;D:\software\bandizip\;D:\software\nvm;C:\Program Files\nodejs;C:\Users\TBoys\AppData\Roaming\npm;C:\Users\TBoys\go\bin;D:\software\Microsoft VS Code\bin;D:\software\golangIde\GoLand 2022.2.3\bin;;C:\Users\TBoys\AppData\Local\Microsoft\WindowsApps;

Yarn version: 
  1.22.17

Node version: 
  14.18.0

Platform: 
  win32 x64

Trace: 
  Error: registry.npmjs.org/react: Invalid URI "registry.npmjs.org/react"
      at Request.module.exports.Request.init (C:\Users\TBoys\AppData\Roaming\npm\node_modules\yarn\lib\cli.js:140971:31)
      at new Request (C:\Users\TBoys\AppData\Roaming\npm\node_modules\yarn\lib\cli.js:140825:8)
      at request (C:\Users\TBoys\AppData\Roaming\npm\node_modules\yarn\lib\cli.js:137731:10)
      at RequestManager.execute (C:\Users\TBoys\AppData\Roaming\npm\node_modules\yarn\lib\cli.js:67081:15)
      at RequestManager.shiftQueue (C:\Users\TBoys\AppData\Roaming\npm\node_modules\yarn\lib\cli.js:67119:10)
      at C:\Users\TBoys\AppData\Roaming\npm\node_modules\yarn\lib\cli.js:66788:13
      at new Promise (<anonymous>)
      at new F (C:\Users\TBoys\AppData\Roaming\npm\node_modules\yarn\lib\cli.js:5301:28)
      at RequestManager.request (C:\Users\TBoys\AppData\Roaming\npm\node_modules\yarn\lib\cli.js:66786:19)
      at NpmRegistry.<anonymous> (C:\Users\TBoys\AppData\Roaming\npm\node_modules\yarn\lib\cli.js:31747:42)

npm manifest: 
  {
    "name": "official-website",
    "version": "1.0.0",
    "description": "",
    "main": "index.js",
    "scripts": {
      "start": "cross-env NODE_ENV=development BASE_ENV=development webpack-dev-server -c build/webpack.dev.js",
      "build": "cross-env NODE_ENV=production BASE_ENV=production webpack -c build/webpack.prod.js",
      "build:analy": "cross-env NODE_ENV=production BASE_ENV=production webpack -c build/webpack.analy.js",
      "test": "echo \"Error: no test specified\" && exit 1"
    },
    "keywords": [],
    "author": "",
    "license": "ISC",
    "devDependencies": {
      "@babel/core": "^7.22.5",
      "@babel/plugin-proposal-decorators": "^7.22.5",
      "@babel/preset-env": "^7.22.5",
      "@babel/preset-react": "^7.22.5",
      "@babel/preset-typescript": "^7.22.5",
      "@pmmmwh/react-refresh-webpack-plugin": "^0.5.10",
      "@types/react": "^18.2.14",
      "@types/react-dom": "^18.2.6",
      "autoprefixer": "^10.4.14",
      "babel-loader": "^9.1.2",
      "compression-webpack-plugin": "^10.0.0",
      "copy-webpack-plugin": "^11.0.0",
      "core-js": "^3.31.0",
      "cross-env": "^7.0.3",
      "css-loader": "^6.8.1",
      "css-minimizer-webpack-plugin": "^5.0.1",
      "glob-all": "^3.3.1",
      "html-webpack-plugin": "^5.5.3",
      "less": "^4.1.3",
      "less-loader": "^11.1.3",
      "mini-css-extract-plugin": "^2.7.6",
      "postcss-loader": "^7.3.3",
      "prettier": "2.8.8",
      "purgecss-webpack-plugin": "^5.0.0",
      "react-refresh": "^0.14.0",
      "speed-measure-webpack-plugin": "^1.5.0",
      "style-loader": "^3.3.3",
      "terser-webpack-plugin": "^5.3.9",
      "thread-loader": "^4.0.2",
      "webpack": "^5.88.0",
      "webpack-bundle-analyzer": "^4.9.0",
      "webpack-cli": "^5.1.4",
      "webpack-dev-server": "^4.15.1",
      "webpack-merge": "^5.9.0"
    },
    "dependencies": {
      "react": "^18.2.0",
      "react-dom": "^18.2.0"
    }
  }

yarn manifest: 
  No manifest

Lockfile: 
  No lockfile
